0 info it worked if it ends with ok
1 verbose cli [ '/usr/local/bin/node', '/usr/local/bin/npm', 'run', 'watch' ]
2 info using npm@3.10.3
3 info using node@v6.4.0
4 verbose run-script [ 'prewatch', 'watch', 'postwatch' ]
5 info lifecycle djangoreact@1.0.0~prewatch: djangoreact@1.0.0
6 silly lifecycle djangoreact@1.0.0~prewatch: no script for prewatch, continuing
7 info lifecycle djangoreact@1.0.0~watch: djangoreact@1.0.0
8 verbose lifecycle djangoreact@1.0.0~watch: unsafe-perm in lifecycle true
9 verbose lifecycle djangoreact@1.0.0~watch: PATH: /usr/local/lib/node_modules/npm/bin/node-gyp-bin:/home/cat/djangobaq/node_modules/.bin:/usr/local/bin:/home/cat/bin:/usr/local/heroku/bin:/home/cat/.pyenv/versions/3.5.0/envs/translatesongs/bin:/home/cat/.pyenv/shims:/home/cat/.pyenv/plugins/pyenv-virtualenv/shims:/home/cat/.pyenv/bin:/usr/local/heroku/bin:/home/cat/.pyenv/versions/3.5.0/envs/translatesongs/bin:/home/cat/.pyenv/shims:/home/cat/.pyenv/plugins/pyenv-virtualenv/shims:/home/cat/.pyenv/bin:/usr/local/heroku/bin:/home/cat/.pyenv/shims:/home/cat/.pyenv/plugins/pyenv-virtualenv/shims:/home/cat/.pyenv/bin:/home/cat/.rvm/gems/ruby-2.3.0/bin:/home/cat/.rvm/gems/ruby-2.3.0@global/bin:/home/cat/.rvm/rubies/ruby-2.3.0/bin:/home/cat/bin:/usr/local/sbin:/usr/local/bin:/usr/sbin:/usr/bin:/sbin:/bin:/usr/games:/usr/local/games:/home/cat/.rvm/bin:/home/matt/bin:/home/cat/.rvm/bin:/home/matt/bin:/home/cat/.rvm/bin:/home/matt/bin:/home/cat/.rvm/bin
10 verbose lifecycle djangoreact@1.0.0~watch: CWD: /home/cat/djangobaq
11 silly lifecycle djangoreact@1.0.0~watch: Args: [ '-c', 'node server.js' ]
12 silly lifecycle djangoreact@1.0.0~watch: Returned: code: 1  signal: null
13 info lifecycle djangoreact@1.0.0~watch: Failed to exec watch script
14 verbose stack Error: djangoreact@1.0.0 watch: `node server.js`
14 verbose stack Exit status 1
14 verbose stack     at EventEmitter.<anonymous> (/usr/local/lib/node_modules/npm/lib/utils/lifecycle.js:242:16)
14 verbose stack     at emitTwo (events.js:106:13)
14 verbose stack     at EventEmitter.emit (events.js:191:7)
14 verbose stack     at ChildProcess.<anonymous> (/usr/local/lib/node_modules/npm/lib/utils/spawn.js:40:14)
14 verbose stack     at emitTwo (events.js:106:13)
14 verbose stack     at ChildProcess.emit (events.js:191:7)
14 verbose stack     at maybeClose (internal/child_process.js:852:16)
14 verbose stack     at Process.ChildProcess._handle.onexit (internal/child_process.js:215:5)
15 verbose pkgid djangoreact@1.0.0
16 verbose cwd /home/cat/djangobaq
17 error Linux 4.4.0-21-generic
18 error argv "/usr/local/bin/node" "/usr/local/bin/npm" "run" "watch"
19 error node v6.4.0
20 error npm  v3.10.3
21 error code ELIFECYCLE
22 error djangoreact@1.0.0 watch: `node server.js`
22 error Exit status 1
23 error Failed at the djangoreact@1.0.0 watch script 'node server.js'.
23 error Make sure you have the latest version of node.js and npm installed.
23 error If you do, this is most likely a problem with the djangoreact package,
23 error not with npm itself.
23 error Tell the author that this fails on your system:
23 error     node server.js
23 error You can get information on how to open an issue for this project with:
23 error     npm bugs djangoreact
23 error Or if that isn't available, you can get their info via:
23 error     npm owner ls djangoreact
23 error There is likely additional logging output above.
24 verbose exit [ 1, true ]
